<?xml version="1.0" encoding="UTF-8" ?>
<testsuite failures="0" time="0.008" errors="0" skipped="0" tests="1" name="com.cloudera.sa.copybook.AppTest">
  <properties>
    <property name="java.runtime.name" value="Java(TM) SE Runtime Environment"/>
    <property name="sun.boot.library.path" value="/System/Library/Java/JavaVirtualMachines/1.6.0.jdk/Contents/Libraries"/>
    <property name="java.vm.version" value="20.65-b04-462"/>
    <property name="awt.nativeDoubleBuffering" value="true"/>
    <property name="gopherProxySet" value="false"/>
    <property name="mrj.build" value="11M4609"/>
    <property name="java.vm.vendor" value="Apple Inc."/>
    <property name="java.vendor.url" value="http://www.apple.com/"/>
    <property name="path.separator" value=":"/>
    <property name="java.vm.name" value="Java HotSpot(TM) 64-Bit Server VM"/>
    <property name="file.encoding.pkg" value="sun.io"/>
    <property name="user.country" value="US"/>
    <property name="sun.java.launcher" value="SUN_STANDARD"/>
    <property name="sun.os.patch.level" value="unknown"/>
    <property name="java.vm.specification.name" value="Java Virtual Machine Specification"/>
    <property name="user.dir" value="/Users/ted.malaska/Documents/workspace-MainFrame-CopyBook/copybook"/>
    <property name="java.runtime.version" value="1.6.0_65-b14-462-11M4609"/>
    <property name="java.awt.graphicsenv" value="apple.awt.CGraphicsEnvironment"/>
    <property name="basedir" value="/Users/ted.malaska/Documents/workspace-MainFrame-CopyBook/copybook"/>
    <property name="java.endorsed.dirs" value="/System/Library/Java/JavaVirtualMachines/1.6.0.jdk/Contents/Home/lib/endorsed"/>
    <property name="os.arch" value="x86_64"/>
    <property name="surefire.real.class.path" value="/Users/ted.malaska/Documents/workspace-MainFrame-CopyBook/copybook/target/surefire/surefirebooter64153147518413409.jar"/>
    <property name="java.io.tmpdir" value="/var/folders/8c/n1d_xdcs4zdfvms9bq8yfk180000gp/T/"/>
    <property name="line.separator" value="
"/>
    <property name="java.vm.specification.vendor" value="Sun Microsystems Inc."/>
    <property name="os.name" value="Mac OS X"/>
    <property name="sun.jnu.encoding" value="MacRoman"/>
    <property name="java.library.path" value=".:/Library/Java/Extensions:/System/Library/Java/Extensions:/usr/lib/java"/>
    <property name="surefire.test.class.path" value="/Users/ted.malaska/Documents/workspace-MainFrame-CopyBook/copybook/target/test-classes:/Users/ted.malaska/Documents/workspace-MainFrame-CopyBook/copybook/target/classes:/Users/ted.malaska/.m2/repository/junit/junit/3.8.1/junit-3.8.1.jar:/Users/ted.malaska/.m2/repository/net/sf/JRecord/JRecord/0.80/JRecord-0.80.jar:/Users/ted.malaska/.m2/repository/net/sf/cb2xml/cb2xml/1.0/cb2xml-1.0.jar:/Users/ted.malaska/.m2/repository/commons-io/commons-io/2.4/commons-io-2.4.jar:/Users/ted.malaska/.m2/repository/org/apache/hadoop/hadoop-client/2.3.0-cdh5.0.1/hadoop-client-2.3.0-cdh5.0.1.jar:/Users/ted.malaska/.m2/repository/org/apache/hadoop/hadoop-common/2.3.0-cdh5.0.1/hadoop-common-2.3.0-cdh5.0.1.jar:/Users/ted.malaska/.m2/repository/com/google/guava/guava/11.0.2/guava-11.0.2.jar:/Users/ted.malaska/.m2/repository/commons-cli/commons-cli/1.2/commons-cli-1.2.jar:/Users/ted.malaska/.m2/repository/org/apache/commons/commons-math3/3.1.1/commons-math3-3.1.1.jar:/Users/ted.malaska/.m2/repository/xmlenc/xmlenc/0.52/xmlenc-0.52.jar:/Users/ted.malaska/.m2/repository/commons-net/commons-net/3.1/commons-net-3.1.jar:/Users/ted.malaska/.m2/repository/commons-collections/commons-collections/3.2.1/commons-collections-3.2.1.jar:/Users/ted.malaska/.m2/repository/commons-lang/commons-lang/2.6/commons-lang-2.6.jar:/Users/ted.malaska/.m2/repository/commons-configuration/commons-configuration/1.6/commons-configuration-1.6.jar:/Users/ted.malaska/.m2/repository/commons-digester/commons-digester/1.8/commons-digester-1.8.jar:/Users/ted.malaska/.m2/repository/commons-beanutils/commons-beanutils/1.7.0/commons-beanutils-1.7.0.jar:/Users/ted.malaska/.m2/repository/commons-beanutils/commons-beanutils-core/1.8.0/commons-beanutils-core-1.8.0.jar:/Users/ted.malaska/.m2/repository/org/codehaus/jackson/jackson-core-asl/1.8.8/jackson-core-asl-1.8.8.jar:/Users/ted.malaska/.m2/repository/org/codehaus/jackson/jackson-mapper-asl/1.8.8/jackson-mapper-asl-1.8.8.jar:/Users/ted.malaska/.m2/repository/com/google/protobuf/protobuf-java/2.5.0/protobuf-java-2.5.0.jar:/Users/ted.malaska/.m2/repository/org/apache/hadoop/hadoop-auth/2.3.0-cdh5.0.1/hadoop-auth-2.3.0-cdh5.0.1.jar:/Users/ted.malaska/.m2/repository/org/apache/httpcomponents/httpclient/4.2.5/httpclient-4.2.5.jar:/Users/ted.malaska/.m2/repository/com/google/code/findbugs/jsr305/1.3.9/jsr305-1.3.9.jar:/Users/ted.malaska/.m2/repository/org/apache/hadoop/hadoop-hdfs/2.3.0-cdh5.0.1/hadoop-hdfs-2.3.0-cdh5.0.1.jar:/Users/ted.malaska/.m2/repository/org/mortbay/jetty/jetty-util/6.1.26/jetty-util-6.1.26.jar:/Users/ted.malaska/.m2/repository/org/apache/hadoop/hadoop-mapreduce-client-app/2.3.0-cdh5.0.1/hadoop-mapreduce-client-app-2.3.0-cdh5.0.1.jar:/Users/ted.malaska/.m2/repository/org/apache/hadoop/hadoop-mapreduce-client-common/2.3.0-cdh5.0.1/hadoop-mapreduce-client-common-2.3.0-cdh5.0.1.jar:/Users/ted.malaska/.m2/repository/org/apache/hadoop/hadoop-yarn-client/2.3.0-cdh5.0.1/hadoop-yarn-client-2.3.0-cdh5.0.1.jar:/Users/ted.malaska/.m2/repository/org/apache/hadoop/hadoop-yarn-server-common/2.3.0-cdh5.0.1/hadoop-yarn-server-common-2.3.0-cdh5.0.1.jar:/Users/ted.malaska/.m2/repository/org/apache/hadoop/hadoop-mapreduce-client-shuffle/2.3.0-cdh5.0.1/hadoop-mapreduce-client-shuffle-2.3.0-cdh5.0.1.jar:/Users/ted.malaska/.m2/repository/org/apache/hadoop/hadoop-yarn-api/2.3.0-cdh5.0.1/hadoop-yarn-api-2.3.0-cdh5.0.1.jar:/Users/ted.malaska/.m2/repository/org/apache/hadoop/hadoop-mapreduce-client-core/2.3.0-cdh5.0.1/hadoop-mapreduce-client-core-2.3.0-cdh5.0.1.jar:/Users/ted.malaska/.m2/repository/org/apache/hadoop/hadoop-yarn-common/2.3.0-cdh5.0.1/hadoop-yarn-common-2.3.0-cdh5.0.1.jar:/Users/ted.malaska/.m2/repository/javax/xml/bind/jaxb-api/2.2.2/jaxb-api-2.2.2.jar:/Users/ted.malaska/.m2/repository/javax/xml/stream/stax-api/1.0-2/stax-api-1.0-2.jar:/Users/ted.malaska/.m2/repository/javax/activation/activation/1.1/activation-1.1.jar:/Users/ted.malaska/.m2/repository/javax/servlet/servlet-api/2.5/servlet-api-2.5.jar:/Users/ted.malaska/.m2/repository/com/sun/jersey/jersey-core/1.9/jersey-core-1.9.jar:/Users/ted.malaska/.m2/repository/org/apache/hadoop/hadoop-mapreduce-client-jobclient/2.3.0-cdh5.0.1/hadoop-mapreduce-client-jobclient-2.3.0-cdh5.0.1.jar:/Users/ted.malaska/.m2/repository/org/apache/hadoop/hadoop-annotations/2.3.0-cdh5.0.1/hadoop-annotations-2.3.0-cdh5.0.1.jar:/Users/ted.malaska/.m2/repository/org/apache/hive/hive-exec/0.12.0-cdh5.0.1/hive-exec-0.12.0-cdh5.0.1.jar:/Users/ted.malaska/.m2/repository/org/apache/hive/hive-ant/0.12.0-cdh5.0.1/hive-ant-0.12.0-cdh5.0.1.jar:/Users/ted.malaska/.m2/repository/org/apache/velocity/velocity/1.5/velocity-1.5.jar:/Users/ted.malaska/.m2/repository/oro/oro/2.0.8/oro-2.0.8.jar:/Users/ted.malaska/.m2/repository/org/apache/hive/hive-metastore/0.12.0-cdh5.0.1/hive-metastore-0.12.0-cdh5.0.1.jar:/Users/ted.malaska/.m2/repository/org/apache/hive/hive-serde/0.12.0-cdh5.0.1/hive-serde-0.12.0-cdh5.0.1.jar:/Users/ted.malaska/.m2/repository/org/apache/hive/hive-common/0.12.0-cdh5.0.1/hive-common-0.12.0-cdh5.0.1.jar:/Users/ted.malaska/.m2/repository/com/jolbox/bonecp/0.7.1.RELEASE/bonecp-0.7.1.RELEASE.jar:/Users/ted.malaska/.m2/repository/org/apache/derby/derby/10.4.2.0/derby-10.4.2.0.jar:/Users/ted.malaska/.m2/repository/org/datanucleus/datanucleus-api-jdo/3.2.1/datanucleus-api-jdo-3.2.1.jar:/Users/ted.malaska/.m2/repository/org/datanucleus/datanucleus-rdbms/3.2.1/datanucleus-rdbms-3.2.1.jar:/Users/ted.malaska/.m2/repository/javax/jdo/jdo-api/3.0.1/jdo-api-3.0.1.jar:/Users/ted.malaska/.m2/repository/javax/transaction/jta/1.1/jta-1.1.jar:/Users/ted.malaska/.m2/repository/org/apache/thrift/libthrift/0.9.0.cloudera.2/libthrift-0.9.0.cloudera.2.jar:/Users/ted.malaska/.m2/repository/org/apache/httpcomponents/httpcore/4.1.3/httpcore-4.1.3.jar:/Users/ted.malaska/.m2/repository/org/apache/hive/hive-shims/0.12.0-cdh5.0.1/hive-shims-0.12.0-cdh5.0.1.jar:/Users/ted.malaska/.m2/repository/org/apache/hive/shims/hive-shims-common/0.12.0-cdh5.0.1/hive-shims-common-0.12.0-cdh5.0.1.jar:/Users/ted.malaska/.m2/repository/org/apache/hive/shims/hive-shims-common-secure/0.12.0-cdh5.0.1/hive-shims-common-secure-0.12.0-cdh5.0.1.jar:/Users/ted.malaska/.m2/repository/org/apache/hive/shims/hive-shims-0.23/0.12.0-cdh5.0.1/hive-shims-0.23-0.12.0-cdh5.0.1.jar:/Users/ted.malaska/.m2/repository/org/mortbay/jetty/jetty/6.1.26.cloudera.2/jetty-6.1.26.cloudera.2.jar:/Users/ted.malaska/.m2/repository/org/mortbay/jetty/servlet-api/2.5-20081211/servlet-api-2.5-20081211.jar:/Users/ted.malaska/.m2/repository/com/twitter/parquet-hadoop-bundle/1.2.5-cdh5.0.1/parquet-hadoop-bundle-1.2.5-cdh5.0.1.jar:/Users/ted.malaska/.m2/repository/commons-codec/commons-codec/1.4/commons-codec-1.4.jar:/Users/ted.malaska/.m2/repository/commons-httpclient/commons-httpclient/3.0.1/commons-httpclient-3.0.1.jar:/Users/ted.malaska/.m2/repository/commons-logging/commons-logging/1.1.3/commons-logging-1.1.3.jar:/Users/ted.malaska/.m2/repository/log4j/log4j/1.2.16/log4j-1.2.16.jar:/Users/ted.malaska/.m2/repository/org/antlr/antlr-runtime/3.4/antlr-runtime-3.4.jar:/Users/ted.malaska/.m2/repository/org/antlr/stringtemplate/3.2.1/stringtemplate-3.2.1.jar:/Users/ted.malaska/.m2/repository/antlr/antlr/2.7.7/antlr-2.7.7.jar:/Users/ted.malaska/.m2/repository/org/antlr/ST4/4.0.4/ST4-4.0.4.jar:/Users/ted.malaska/.m2/repository/org/apache/avro/avro/1.7.5-cdh5.0.1/avro-1.7.5-cdh5.0.1.jar:/Users/ted.malaska/.m2/repository/com/thoughtworks/paranamer/paranamer/2.3/paranamer-2.3.jar:/Users/ted.malaska/.m2/repository/org/xerial/snappy/snappy-java/1.0.5/snappy-java-1.0.5.jar:/Users/ted.malaska/.m2/repository/org/apache/ant/ant/1.9.1/ant-1.9.1.jar:/Users/ted.malaska/.m2/repository/org/apache/ant/ant-launcher/1.9.1/ant-launcher-1.9.1.jar:/Users/ted.malaska/.m2/repository/org/apache/commons/commons-compress/1.4.1/commons-compress-1.4.1.jar:/Users/ted.malaska/.m2/repository/org/tukaani/xz/1.0/xz-1.0.jar:/Users/ted.malaska/.m2/repository/org/apache/thrift/libfb303/0.9.0/libfb303-0.9.0.jar:/Users/ted.malaska/.m2/repository/org/apache/zookeeper/zookeeper/3.4.5-cdh5.0.1/zookeeper-3.4.5-cdh5.0.1.jar:/Users/ted.malaska/.m2/repository/jline/jline/0.9.94/jline-0.9.94.jar:/Users/ted.malaska/.m2/repository/org/codehaus/groovy/groovy-all/2.1.6/groovy-all-2.1.6.jar:/Users/ted.malaska/.m2/repository/org/datanucleus/datanucleus-core/3.2.2/datanucleus-core-3.2.2.jar:/Users/ted.malaska/.m2/repository/stax/stax-api/1.0.1/stax-api-1.0.1.jar:/Users/ted.malaska/.m2/repository/org/slf4j/slf4j-api/1.7.5/slf4j-api-1.7.5.jar:/Users/ted.malaska/.m2/repository/org/slf4j/slf4j-log4j12/1.7.5/slf4j-log4j12-1.7.5.jar:"/>
    <property name="java.specification.name" value="Java Platform API Specification"/>
    <property name="java.class.version" value="50.0"/>
    <property name="sun.management.compiler" value="HotSpot 64-Bit Tiered Compilers"/>
    <property name="os.version" value="10.7.5"/>
    <property name="http.nonProxyHosts" value="local|*.local|169.254/16|*.169.254/16"/>
    <property name="user.home" value="/Users/ted.malaska"/>
    <property name="user.timezone" value=""/>
    <property name="java.awt.printerjob" value="apple.awt.CPrinterJob"/>
    <property name="java.specification.version" value="1.6"/>
    <property name="file.encoding" value="MacRoman"/>
    <property name="user.name" value="ted.malaska"/>
    <property name="java.class.path" value="/Users/ted.malaska/Documents/workspace-MainFrame-CopyBook/copybook/target/test-classes:/Users/ted.malaska/Documents/workspace-MainFrame-CopyBook/copybook/target/classes:/Users/ted.malaska/.m2/repository/junit/junit/3.8.1/junit-3.8.1.jar:/Users/ted.malaska/.m2/repository/net/sf/JRecord/JRecord/0.80/JRecord-0.80.jar:/Users/ted.malaska/.m2/repository/net/sf/cb2xml/cb2xml/1.0/cb2xml-1.0.jar:/Users/ted.malaska/.m2/repository/commons-io/commons-io/2.4/commons-io-2.4.jar:/Users/ted.malaska/.m2/repository/org/apache/hadoop/hadoop-client/2.3.0-cdh5.0.1/hadoop-client-2.3.0-cdh5.0.1.jar:/Users/ted.malaska/.m2/repository/org/apache/hadoop/hadoop-common/2.3.0-cdh5.0.1/hadoop-common-2.3.0-cdh5.0.1.jar:/Users/ted.malaska/.m2/repository/com/google/guava/guava/11.0.2/guava-11.0.2.jar:/Users/ted.malaska/.m2/repository/commons-cli/commons-cli/1.2/commons-cli-1.2.jar:/Users/ted.malaska/.m2/repository/org/apache/commons/commons-math3/3.1.1/commons-math3-3.1.1.jar:/Users/ted.malaska/.m2/repository/xmlenc/xmlenc/0.52/xmlenc-0.52.jar:/Users/ted.malaska/.m2/repository/commons-net/commons-net/3.1/commons-net-3.1.jar:/Users/ted.malaska/.m2/repository/commons-collections/commons-collections/3.2.1/commons-collections-3.2.1.jar:/Users/ted.malaska/.m2/repository/commons-lang/commons-lang/2.6/commons-lang-2.6.jar:/Users/ted.malaska/.m2/repository/commons-configuration/commons-configuration/1.6/commons-configuration-1.6.jar:/Users/ted.malaska/.m2/repository/commons-digester/commons-digester/1.8/commons-digester-1.8.jar:/Users/ted.malaska/.m2/repository/commons-beanutils/commons-beanutils/1.7.0/commons-beanutils-1.7.0.jar:/Users/ted.malaska/.m2/repository/commons-beanutils/commons-beanutils-core/1.8.0/commons-beanutils-core-1.8.0.jar:/Users/ted.malaska/.m2/repository/org/codehaus/jackson/jackson-core-asl/1.8.8/jackson-core-asl-1.8.8.jar:/Users/ted.malaska/.m2/repository/org/codehaus/jackson/jackson-mapper-asl/1.8.8/jackson-mapper-asl-1.8.8.jar:/Users/ted.malaska/.m2/repository/com/google/protobuf/protobuf-java/2.5.0/protobuf-java-2.5.0.jar:/Users/ted.malaska/.m2/repository/org/apache/hadoop/hadoop-auth/2.3.0-cdh5.0.1/hadoop-auth-2.3.0-cdh5.0.1.jar:/Users/ted.malaska/.m2/repository/org/apache/httpcomponents/httpclient/4.2.5/httpclient-4.2.5.jar:/Users/ted.malaska/.m2/repository/com/google/code/findbugs/jsr305/1.3.9/jsr305-1.3.9.jar:/Users/ted.malaska/.m2/repository/org/apache/hadoop/hadoop-hdfs/2.3.0-cdh5.0.1/hadoop-hdfs-2.3.0-cdh5.0.1.jar:/Users/ted.malaska/.m2/repository/org/mortbay/jetty/jetty-util/6.1.26/jetty-util-6.1.26.jar:/Users/ted.malaska/.m2/repository/org/apache/hadoop/hadoop-mapreduce-client-app/2.3.0-cdh5.0.1/hadoop-mapreduce-client-app-2.3.0-cdh5.0.1.jar:/Users/ted.malaska/.m2/repository/org/apache/hadoop/hadoop-mapreduce-client-common/2.3.0-cdh5.0.1/hadoop-mapreduce-client-common-2.3.0-cdh5.0.1.jar:/Users/ted.malaska/.m2/repository/org/apache/hadoop/hadoop-yarn-client/2.3.0-cdh5.0.1/hadoop-yarn-client-2.3.0-cdh5.0.1.jar:/Users/ted.malaska/.m2/repository/org/apache/hadoop/hadoop-yarn-server-common/2.3.0-cdh5.0.1/hadoop-yarn-server-common-2.3.0-cdh5.0.1.jar:/Users/ted.malaska/.m2/repository/org/apache/hadoop/hadoop-mapreduce-client-shuffle/2.3.0-cdh5.0.1/hadoop-mapreduce-client-shuffle-2.3.0-cdh5.0.1.jar:/Users/ted.malaska/.m2/repository/org/apache/hadoop/hadoop-yarn-api/2.3.0-cdh5.0.1/hadoop-yarn-api-2.3.0-cdh5.0.1.jar:/Users/ted.malaska/.m2/repository/org/apache/hadoop/hadoop-mapreduce-client-core/2.3.0-cdh5.0.1/hadoop-mapreduce-client-core-2.3.0-cdh5.0.1.jar:/Users/ted.malaska/.m2/repository/org/apache/hadoop/hadoop-yarn-common/2.3.0-cdh5.0.1/hadoop-yarn-common-2.3.0-cdh5.0.1.jar:/Users/ted.malaska/.m2/repository/javax/xml/bind/jaxb-api/2.2.2/jaxb-api-2.2.2.jar:/Users/ted.malaska/.m2/repository/javax/xml/stream/stax-api/1.0-2/stax-api-1.0-2.jar:/Users/ted.malaska/.m2/repository/javax/activation/activation/1.1/activation-1.1.jar:/Users/ted.malaska/.m2/repository/javax/servlet/servlet-api/2.5/servlet-api-2.5.jar:/Users/ted.malaska/.m2/repository/com/sun/jersey/jersey-core/1.9/jersey-core-1.9.jar:/Users/ted.malaska/.m2/repository/org/apache/hadoop/hadoop-mapreduce-client-jobclient/2.3.0-cdh5.0.1/hadoop-mapreduce-client-jobclient-2.3.0-cdh5.0.1.jar:/Users/ted.malaska/.m2/repository/org/apache/hadoop/hadoop-annotations/2.3.0-cdh5.0.1/hadoop-annotations-2.3.0-cdh5.0.1.jar:/Users/ted.malaska/.m2/repository/org/apache/hive/hive-exec/0.12.0-cdh5.0.1/hive-exec-0.12.0-cdh5.0.1.jar:/Users/ted.malaska/.m2/repository/org/apache/hive/hive-ant/0.12.0-cdh5.0.1/hive-ant-0.12.0-cdh5.0.1.jar:/Users/ted.malaska/.m2/repository/org/apache/velocity/velocity/1.5/velocity-1.5.jar:/Users/ted.malaska/.m2/repository/oro/oro/2.0.8/oro-2.0.8.jar:/Users/ted.malaska/.m2/repository/org/apache/hive/hive-metastore/0.12.0-cdh5.0.1/hive-metastore-0.12.0-cdh5.0.1.jar:/Users/ted.malaska/.m2/repository/org/apache/hive/hive-serde/0.12.0-cdh5.0.1/hive-serde-0.12.0-cdh5.0.1.jar:/Users/ted.malaska/.m2/repository/org/apache/hive/hive-common/0.12.0-cdh5.0.1/hive-common-0.12.0-cdh5.0.1.jar:/Users/ted.malaska/.m2/repository/com/jolbox/bonecp/0.7.1.RELEASE/bonecp-0.7.1.RELEASE.jar:/Users/ted.malaska/.m2/repository/org/apache/derby/derby/10.4.2.0/derby-10.4.2.0.jar:/Users/ted.malaska/.m2/repository/org/datanucleus/datanucleus-api-jdo/3.2.1/datanucleus-api-jdo-3.2.1.jar:/Users/ted.malaska/.m2/repository/org/datanucleus/datanucleus-rdbms/3.2.1/datanucleus-rdbms-3.2.1.jar:/Users/ted.malaska/.m2/repository/javax/jdo/jdo-api/3.0.1/jdo-api-3.0.1.jar:/Users/ted.malaska/.m2/repository/javax/transaction/jta/1.1/jta-1.1.jar:/Users/ted.malaska/.m2/repository/org/apache/thrift/libthrift/0.9.0.cloudera.2/libthrift-0.9.0.cloudera.2.jar:/Users/ted.malaska/.m2/repository/org/apache/httpcomponents/httpcore/4.1.3/httpcore-4.1.3.jar:/Users/ted.malaska/.m2/repository/org/apache/hive/hive-shims/0.12.0-cdh5.0.1/hive-shims-0.12.0-cdh5.0.1.jar:/Users/ted.malaska/.m2/repository/org/apache/hive/shims/hive-shims-common/0.12.0-cdh5.0.1/hive-shims-common-0.12.0-cdh5.0.1.jar:/Users/ted.malaska/.m2/repository/org/apache/hive/shims/hive-shims-common-secure/0.12.0-cdh5.0.1/hive-shims-common-secure-0.12.0-cdh5.0.1.jar:/Users/ted.malaska/.m2/repository/org/apache/hive/shims/hive-shims-0.23/0.12.0-cdh5.0.1/hive-shims-0.23-0.12.0-cdh5.0.1.jar:/Users/ted.malaska/.m2/repository/org/mortbay/jetty/jetty/6.1.26.cloudera.2/jetty-6.1.26.cloudera.2.jar:/Users/ted.malaska/.m2/repository/org/mortbay/jetty/servlet-api/2.5-20081211/servlet-api-2.5-20081211.jar:/Users/ted.malaska/.m2/repository/com/twitter/parquet-hadoop-bundle/1.2.5-cdh5.0.1/parquet-hadoop-bundle-1.2.5-cdh5.0.1.jar:/Users/ted.malaska/.m2/repository/commons-codec/commons-codec/1.4/commons-codec-1.4.jar:/Users/ted.malaska/.m2/repository/commons-httpclient/commons-httpclient/3.0.1/commons-httpclient-3.0.1.jar:/Users/ted.malaska/.m2/repository/commons-logging/commons-logging/1.1.3/commons-logging-1.1.3.jar:/Users/ted.malaska/.m2/repository/log4j/log4j/1.2.16/log4j-1.2.16.jar:/Users/ted.malaska/.m2/repository/org/antlr/antlr-runtime/3.4/antlr-runtime-3.4.jar:/Users/ted.malaska/.m2/repository/org/antlr/stringtemplate/3.2.1/stringtemplate-3.2.1.jar:/Users/ted.malaska/.m2/repository/antlr/antlr/2.7.7/antlr-2.7.7.jar:/Users/ted.malaska/.m2/repository/org/antlr/ST4/4.0.4/ST4-4.0.4.jar:/Users/ted.malaska/.m2/repository/org/apache/avro/avro/1.7.5-cdh5.0.1/avro-1.7.5-cdh5.0.1.jar:/Users/ted.malaska/.m2/repository/com/thoughtworks/paranamer/paranamer/2.3/paranamer-2.3.jar:/Users/ted.malaska/.m2/repository/org/xerial/snappy/snappy-java/1.0.5/snappy-java-1.0.5.jar:/Users/ted.malaska/.m2/repository/org/apache/ant/ant/1.9.1/ant-1.9.1.jar:/Users/ted.malaska/.m2/repository/org/apache/ant/ant-launcher/1.9.1/ant-launcher-1.9.1.jar:/Users/ted.malaska/.m2/repository/org/apache/commons/commons-compress/1.4.1/commons-compress-1.4.1.jar:/Users/ted.malaska/.m2/repository/org/tukaani/xz/1.0/xz-1.0.jar:/Users/ted.malaska/.m2/repository/org/apache/thrift/libfb303/0.9.0/libfb303-0.9.0.jar:/Users/ted.malaska/.m2/repository/org/apache/zookeeper/zookeeper/3.4.5-cdh5.0.1/zookeeper-3.4.5-cdh5.0.1.jar:/Users/ted.malaska/.m2/repository/jline/jline/0.9.94/jline-0.9.94.jar:/Users/ted.malaska/.m2/repository/org/codehaus/groovy/groovy-all/2.1.6/groovy-all-2.1.6.jar:/Users/ted.malaska/.m2/repository/org/datanucleus/datanucleus-core/3.2.2/datanucleus-core-3.2.2.jar:/Users/ted.malaska/.m2/repository/stax/stax-api/1.0.1/stax-api-1.0.1.jar:/Users/ted.malaska/.m2/repository/org/slf4j/slf4j-api/1.7.5/slf4j-api-1.7.5.jar:/Users/ted.malaska/.m2/repository/org/slf4j/slf4j-log4j12/1.7.5/slf4j-log4j12-1.7.5.jar:"/>
    <property name="java.vm.specification.version" value="1.0"/>
    <property name="sun.arch.data.model" value="64"/>
    <property name="java.home" value="/System/Library/Java/JavaVirtualMachines/1.6.0.jdk/Contents/Home"/>
    <property name="sun.java.command" value="/Users/ted.malaska/Documents/workspace-MainFrame-CopyBook/copybook/target/surefire/surefirebooter64153147518413409.jar /Users/ted.malaska/Documents/workspace-MainFrame-CopyBook/copybook/target/surefire/surefire8506772716308800233tmp /Users/ted.malaska/Documents/workspace-MainFrame-CopyBook/copybook/target/surefire/surefire2750924406513924168tmp"/>
    <property name="java.specification.vendor" value="Sun Microsystems Inc."/>
    <property name="user.language" value="en"/>
    <property name="awt.toolkit" value="apple.awt.CToolkit"/>
    <property name="java.vm.info" value="mixed mode"/>
    <property name="java.version" value="1.6.0_65"/>
    <property name="java.ext.dirs" value="/Library/Java/Extensions:/System/Library/Java/Extensions:/System/Library/Java/JavaVirtualMachines/1.6.0.jdk/Contents/Home/lib/ext"/>
    <property name="sun.boot.class.path" value="/System/Library/Java/JavaVirtualMachines/1.6.0.jdk/Contents/Classes/jsfd.jar:/System/Library/Java/JavaVirtualMachines/1.6.0.jdk/Contents/Classes/classes.jar:/System/Library/Frameworks/JavaVM.framework/Frameworks/JavaRuntimeSupport.framework/Resources/Java/JavaRuntimeSupport.jar:/System/Library/Java/JavaVirtualMachines/1.6.0.jdk/Contents/Classes/ui.jar:/System/Library/Java/JavaVirtualMachines/1.6.0.jdk/Contents/Classes/laf.jar:/System/Library/Java/JavaVirtualMachines/1.6.0.jdk/Contents/Classes/sunrsasign.jar:/System/Library/Java/JavaVirtualMachines/1.6.0.jdk/Contents/Classes/jsse.jar:/System/Library/Java/JavaVirtualMachines/1.6.0.jdk/Contents/Classes/jce.jar:/System/Library/Java/JavaVirtualMachines/1.6.0.jdk/Contents/Classes/charsets.jar"/>
    <property name="java.vendor" value="Apple Inc."/>
    <property name="localRepository" value="/Users/ted.malaska/.m2/repository"/>
    <property name="file.separator" value="/"/>
    <property name="java.vendor.url.bug" value="http://bugreport.apple.com/"/>
    <property name="sun.cpu.endian" value="little"/>
    <property name="sun.io.unicode.encoding" value="UnicodeLittle"/>
    <property name="mrj.version" value="1070.1.6.0_65-462"/>
    <property name="socksNonProxyHosts" value="local|*.local|169.254/16|*.169.254/16"/>
    <property name="ftp.nonProxyHosts" value="local|*.local|169.254/16|*.169.254/16"/>
    <property name="sun.cpu.isalist" value=""/>
  </properties>
  <testcase time="0.001" classname="com.cloudera.sa.copybook.AppTest" name="testApp"/>
</testsuite>